time=2025-12-29T16:41:30.933-03:00 level=INFO msg="Daemon started (interval: %v, auto-commit: %v, auto-push: %v)" !BADKEY=5s !BADKEY=false !BADKEY=false
time=2025-12-29T16:41:30.933-03:00 level=INFO msg="using database" path=/home/diogo/dev/gendocs/.beads/beads.db
time=2025-12-29T16:41:30.936-03:00 level=INFO msg="database opened" path=/home/diogo/dev/gendocs/.beads/beads.db freshness_checking=true
time=2025-12-29T16:41:30.936-03:00 level=INFO msg="upgrading .beads/.gitignore"
time=2025-12-29T16:41:30.936-03:00 level=WARN msg="failed to upgrade .gitignore" error="open .beads/.gitignore: no such file or directory"
time=2025-12-29T16:41:30.937-03:00 level=INFO msg="Repository fingerprint validated: %s" !BADKEY=734176c1
time=2025-12-29T16:41:30.937-03:00 level=INFO msg="starting RPC server" socket=/home/diogo/dev/gendocs/.beads/bd.sock
time=2025-12-29T16:41:30.937-03:00 level=INFO msg="RPC server ready (socket listening)"
time=2025-12-29T16:41:30.938-03:00 level=INFO msg="registered in global registry"
time=2025-12-29T16:41:30.938-03:00 level=INFO msg="Starting %s..." !BADKEY="sync cycle"
time=2025-12-29T16:41:30.938-03:00 level=INFO msg="Exported to JSONL"
time=2025-12-29T16:41:31.278-03:00 level=INFO msg="Sync branch pull failed: %v" !BADKEY="git pull failed in worktree: exit status 1\nfatal: couldn't find remote ref beads-sync\n"
time=2025-12-29T16:41:31.278-03:00 level=INFO msg="monitoring parent process" pid=0
time=2025-12-29T16:41:31.278-03:00 level=INFO msg="using event-driven mode"
time=2025-12-29T16:41:31.278-03:00 level=INFO msg="Auto-pull disabled: use 'git pull' manually to sync remote changes"
time=2025-12-29T16:47:47.553-03:00 level=INFO msg="Mutation detected: %s %s" create=gendocs-fn3
time=2025-12-29T16:47:48.054-03:00 level=INFO msg="Export triggered by mutation events"
time=2025-12-29T16:47:48.054-03:00 level=INFO msg="Starting %s..." !BADKEY=export
time=2025-12-29T16:47:48.054-03:00 level=INFO msg="JSONL file created: %s" !BADKEY=/home/diogo/dev/gendocs/.beads/issues.jsonl
time=2025-12-29T16:47:48.054-03:00 level=INFO msg="Exported to JSONL"
time=2025-12-29T16:47:48.055-03:00 level=INFO msg="Export complete"
time=2025-12-29T16:47:48.812-03:00 level=INFO msg="Mutation detected: %s %s" create=gendocs-t4o
time=2025-12-29T16:47:49.056-03:00 level=INFO msg="Import triggered by file change"
time=2025-12-29T16:47:49.056-03:00 level=INFO msg="Starting %s..." !BADKEY=auto-import
time=2025-12-29T16:47:49.056-03:00 level=INFO msg="Skipping %s: JSONL content unchanged" !BADKEY=auto-import
time=2025-12-29T16:47:49.313-03:00 level=INFO msg="Export triggered by mutation events"
time=2025-12-29T16:47:49.313-03:00 level=INFO msg="Starting %s..." !BADKEY=export
time=2025-12-29T16:47:49.316-03:00 level=INFO msg="JSONL file created: %s" !BADKEY=/home/diogo/dev/gendocs/.beads/issues.jsonl
time=2025-12-29T16:47:49.316-03:00 level=INFO msg="Exported to JSONL"
time=2025-12-29T16:47:49.316-03:00 level=INFO msg="Export complete"
time=2025-12-29T16:47:49.975-03:00 level=INFO msg="Mutation detected: %s %s" create=gendocs-8ek
time=2025-12-29T16:47:50.316-03:00 level=INFO msg="Import triggered by file change"
time=2025-12-29T16:47:50.316-03:00 level=INFO msg="Starting %s..." !BADKEY=auto-import
time=2025-12-29T16:47:50.317-03:00 level=INFO msg="Skipping %s: JSONL content unchanged" !BADKEY=auto-import
time=2025-12-29T16:47:50.476-03:00 level=INFO msg="Export triggered by mutation events"
time=2025-12-29T16:47:50.476-03:00 level=INFO msg="Starting %s..." !BADKEY=export
time=2025-12-29T16:47:50.479-03:00 level=INFO msg="JSONL file created: %s" !BADKEY=/home/diogo/dev/gendocs/.beads/issues.jsonl
time=2025-12-29T16:47:50.479-03:00 level=INFO msg="File change detected: %s" !BADKEY=/home/diogo/dev/gendocs/.beads/issues.jsonl
time=2025-12-29T16:47:50.479-03:00 level=INFO msg="Exported to JSONL"
time=2025-12-29T16:47:50.479-03:00 level=INFO msg="Export complete"
time=2025-12-29T16:47:51.285-03:00 level=INFO msg="Mutation detected: %s %s" create=gendocs-1pa
time=2025-12-29T16:47:51.479-03:00 level=INFO msg="Import triggered by file change"
time=2025-12-29T16:47:51.479-03:00 level=INFO msg="Starting %s..." !BADKEY=auto-import
time=2025-12-29T16:47:51.479-03:00 level=INFO msg="Skipping %s: JSONL content unchanged" !BADKEY=auto-import
time=2025-12-29T16:47:51.786-03:00 level=INFO msg="Export triggered by mutation events"
time=2025-12-29T16:47:51.786-03:00 level=INFO msg="Starting %s..." !BADKEY=export
time=2025-12-29T16:47:51.789-03:00 level=INFO msg="JSONL file created: %s" !BADKEY=/home/diogo/dev/gendocs/.beads/issues.jsonl
time=2025-12-29T16:47:51.789-03:00 level=INFO msg="Exported to JSONL"
time=2025-12-29T16:47:51.790-03:00 level=INFO msg="Export complete"
time=2025-12-29T16:47:52.611-03:00 level=INFO msg="Mutation detected: %s %s" create=gendocs-ggi
time=2025-12-29T16:47:52.791-03:00 level=INFO msg="Import triggered by file change"
time=2025-12-29T16:47:52.791-03:00 level=INFO msg="Starting %s..." !BADKEY=auto-import
time=2025-12-29T16:47:52.791-03:00 level=INFO msg="Skipping %s: JSONL content unchanged" !BADKEY=auto-import
time=2025-12-29T16:47:53.112-03:00 level=INFO msg="Export triggered by mutation events"
time=2025-12-29T16:47:53.112-03:00 level=INFO msg="Starting %s..." !BADKEY=export
time=2025-12-29T16:47:53.116-03:00 level=INFO msg="Exported to JSONL"
time=2025-12-29T16:47:53.116-03:00 level=INFO msg="JSONL file created: %s" !BADKEY=/home/diogo/dev/gendocs/.beads/issues.jsonl
time=2025-12-29T16:47:53.116-03:00 level=INFO msg="Export complete"
time=2025-12-29T16:47:53.550-03:00 level=INFO msg="Mutation detected: %s %s" create=gendocs-l5p
time=2025-12-29T16:47:54.050-03:00 level=INFO msg="Export triggered by mutation events"
time=2025-12-29T16:47:54.050-03:00 level=INFO msg="Starting %s..." !BADKEY=export
time=2025-12-29T16:47:54.053-03:00 level=INFO msg="JSONL file created: %s" !BADKEY=/home/diogo/dev/gendocs/.beads/issues.jsonl
time=2025-12-29T16:47:54.053-03:00 level=INFO msg="File change detected: %s" !BADKEY=/home/diogo/dev/gendocs/.beads/issues.jsonl
time=2025-12-29T16:47:54.053-03:00 level=INFO msg="Exported to JSONL"
time=2025-12-29T16:47:54.054-03:00 level=INFO msg="Export complete"
time=2025-12-29T16:47:54.116-03:00 level=INFO msg="Import triggered by file change"
time=2025-12-29T16:47:54.116-03:00 level=INFO msg="Starting %s..." !BADKEY=auto-import
time=2025-12-29T16:47:54.116-03:00 level=INFO msg="Skipping %s: JSONL content unchanged" !BADKEY=auto-import
time=2025-12-29T16:47:54.555-03:00 level=INFO msg="Mutation detected: %s %s" create=gendocs-8fk
time=2025-12-29T16:47:55.054-03:00 level=INFO msg="Import triggered by file change"
time=2025-12-29T16:47:55.054-03:00 level=INFO msg="Starting %s..." !BADKEY=auto-import
time=2025-12-29T16:47:55.054-03:00 level=INFO msg="Skipping %s: JSONL content unchanged" !BADKEY=auto-import
time=2025-12-29T16:47:55.056-03:00 level=INFO msg="Export triggered by mutation events"
time=2025-12-29T16:47:55.056-03:00 level=INFO msg="Starting %s..." !BADKEY=export
time=2025-12-29T16:47:55.059-03:00 level=INFO msg="JSONL file created: %s" !BADKEY=/home/diogo/dev/gendocs/.beads/issues.jsonl
time=2025-12-29T16:47:55.059-03:00 level=INFO msg="Exported to JSONL"
time=2025-12-29T16:47:55.059-03:00 level=INFO msg="File change detected: %s" !BADKEY=/home/diogo/dev/gendocs/.beads/issues.jsonl
time=2025-12-29T16:47:55.060-03:00 level=INFO msg="Export complete"
time=2025-12-29T16:47:55.867-03:00 level=INFO msg="Mutation detected: %s %s" create=gendocs-5sx
time=2025-12-29T16:47:56.060-03:00 level=INFO msg="Import triggered by file change"
time=2025-12-29T16:47:56.061-03:00 level=INFO msg="Starting %s..." !BADKEY=auto-import
time=2025-12-29T16:47:56.061-03:00 level=INFO msg="Skipping %s: JSONL content unchanged" !BADKEY=auto-import
time=2025-12-29T16:47:56.367-03:00 level=INFO msg="Export triggered by mutation events"
time=2025-12-29T16:47:56.367-03:00 level=INFO msg="Starting %s..." !BADKEY=export
time=2025-12-29T16:47:56.370-03:00 level=INFO msg="JSONL file created: %s" !BADKEY=/home/diogo/dev/gendocs/.beads/issues.jsonl
time=2025-12-29T16:47:56.370-03:00 level=INFO msg="File change detected: %s" !BADKEY=/home/diogo/dev/gendocs/.beads/issues.jsonl
time=2025-12-29T16:47:56.370-03:00 level=INFO msg="Exported to JSONL"
time=2025-12-29T16:47:56.371-03:00 level=INFO msg="Export complete"
time=2025-12-29T16:47:57.371-03:00 level=INFO msg="Import triggered by file change"
time=2025-12-29T16:47:57.371-03:00 level=INFO msg="Starting %s..." !BADKEY=auto-import
time=2025-12-29T16:47:57.372-03:00 level=INFO msg="Skipping %s: JSONL content unchanged" !BADKEY=auto-import
time=2025-12-29T16:48:17.618-03:00 level=INFO msg="Mutation detected: %s %s" update=gendocs-t4o
time=2025-12-29T16:48:17.623-03:00 level=INFO msg="Mutation detected: %s %s" update=gendocs-l5p
time=2025-12-29T16:48:17.627-03:00 level=INFO msg="Mutation detected: %s %s" update=gendocs-l5p
time=2025-12-29T16:48:18.128-03:00 level=INFO msg="Export triggered by mutation events"
time=2025-12-29T16:48:18.128-03:00 level=INFO msg="Starting %s..." !BADKEY=export
time=2025-12-29T16:48:18.129-03:00 level=INFO msg="Exported to JSONL"
time=2025-12-29T16:48:18.129-03:00 level=INFO msg="JSONL file created: %s" !BADKEY=/home/diogo/dev/gendocs/.beads/issues.jsonl
time=2025-12-29T16:48:18.129-03:00 level=INFO msg="Export complete"
time=2025-12-29T16:48:19.130-03:00 level=INFO msg="Import triggered by file change"
time=2025-12-29T16:48:19.130-03:00 level=INFO msg="Starting %s..." !BADKEY=auto-import
time=2025-12-29T16:48:19.130-03:00 level=INFO msg="Skipping %s: JSONL content unchanged" !BADKEY=auto-import
time=2025-12-29T16:48:58.971-03:00 level=INFO msg="Mutation detected: %s %s" status=gendocs-fn3
time=2025-12-29T16:48:59.471-03:00 level=INFO msg="Export triggered by mutation events"
time=2025-12-29T16:48:59.471-03:00 level=INFO msg="Starting %s..." !BADKEY=export
time=2025-12-29T16:48:59.472-03:00 level=INFO msg="JSONL file created: %s" !BADKEY=/home/diogo/dev/gendocs/.beads/issues.jsonl
time=2025-12-29T16:48:59.472-03:00 level=INFO msg="Exported to JSONL"
time=2025-12-29T16:48:59.473-03:00 level=INFO msg="Export complete"
time=2025-12-29T16:49:00.474-03:00 level=INFO msg="Import triggered by file change"
time=2025-12-29T16:49:00.474-03:00 level=INFO msg="Starting %s..." !BADKEY=auto-import
time=2025-12-29T16:49:00.474-03:00 level=INFO msg="Skipping %s: JSONL content unchanged" !BADKEY=auto-import
time=2025-12-29T16:49:32.864-03:00 level=INFO msg="Git ref change detected: %s" !BADKEY=/home/diogo/dev/gendocs/.git/refs/heads/main.lock
time=2025-12-29T16:49:33.865-03:00 level=INFO msg="Import triggered by file change"
time=2025-12-29T16:49:33.865-03:00 level=INFO msg="Starting %s..." !BADKEY=auto-import
time=2025-12-29T16:49:33.865-03:00 level=INFO msg="Skipping %s: JSONL content unchanged" !BADKEY=auto-import
time=2025-12-29T16:49:42.768-03:00 level=INFO msg="Mutation detected: %s %s" status=gendocs-fn3
time=2025-12-29T16:49:42.773-03:00 level=INFO msg="Mutation detected: %s %s" status=gendocs-t4o
time=2025-12-29T16:49:43.273-03:00 level=INFO msg="Export triggered by mutation events"
time=2025-12-29T16:49:43.273-03:00 level=INFO msg="Starting %s..." !BADKEY=export
time=2025-12-29T16:49:43.274-03:00 level=INFO msg="Exported to JSONL"
time=2025-12-29T16:49:43.274-03:00 level=INFO msg="Export complete"
time=2025-12-29T16:49:43.274-03:00 level=INFO msg="JSONL file created: %s" !BADKEY=/home/diogo/dev/gendocs/.beads/issues.jsonl
time=2025-12-29T16:49:43.274-03:00 level=INFO msg="File change detected: %s" !BADKEY=/home/diogo/dev/gendocs/.beads/issues.jsonl
time=2025-12-29T16:49:44.276-03:00 level=INFO msg="Import triggered by file change"
time=2025-12-29T16:49:44.276-03:00 level=INFO msg="Starting %s..." !BADKEY=auto-import
time=2025-12-29T16:49:44.276-03:00 level=INFO msg="Skipping %s: JSONL content unchanged" !BADKEY=auto-import
time=2025-12-29T16:50:49.608-03:00 level=INFO msg="Mutation detected: %s %s" status=gendocs-t4o
time=2025-12-29T16:50:49.613-03:00 level=INFO msg="Mutation detected: %s %s" status=gendocs-1pa
time=2025-12-29T16:50:50.114-03:00 level=INFO msg="Export triggered by mutation events"
time=2025-12-29T16:50:50.114-03:00 level=INFO msg="Starting %s..." !BADKEY=export
time=2025-12-29T16:50:50.115-03:00 level=INFO msg="Exported to JSONL"
time=2025-12-29T16:50:50.115-03:00 level=INFO msg="JSONL file created: %s" !BADKEY=/home/diogo/dev/gendocs/.beads/issues.jsonl
time=2025-12-29T16:50:50.115-03:00 level=INFO msg="File change detected: %s" !BADKEY=/home/diogo/dev/gendocs/.beads/issues.jsonl
time=2025-12-29T16:50:50.115-03:00 level=INFO msg="Export complete"
time=2025-12-29T16:50:51.116-03:00 level=INFO msg="Import triggered by file change"
time=2025-12-29T16:50:51.116-03:00 level=INFO msg="Starting %s..." !BADKEY=auto-import
time=2025-12-29T16:50:51.116-03:00 level=INFO msg="Skipping %s: JSONL content unchanged" !BADKEY=auto-import
time=2025-12-29T16:52:19.071-03:00 level=INFO msg="Mutation detected: %s %s" status=gendocs-1pa
time=2025-12-29T16:52:19.076-03:00 level=INFO msg="Mutation detected: %s %s" status=gendocs-8ek
time=2025-12-29T16:52:19.577-03:00 level=INFO msg="Export triggered by mutation events"
time=2025-12-29T16:52:19.577-03:00 level=INFO msg="Starting %s..." !BADKEY=export
time=2025-12-29T16:52:19.578-03:00 level=INFO msg="Exported to JSONL"
time=2025-12-29T16:52:19.578-03:00 level=INFO msg="JSONL file created: %s" !BADKEY=/home/diogo/dev/gendocs/.beads/issues.jsonl
time=2025-12-29T16:52:19.578-03:00 level=INFO msg="File change detected: %s" !BADKEY=/home/diogo/dev/gendocs/.beads/issues.jsonl
time=2025-12-29T16:52:19.578-03:00 level=INFO msg="Export complete"
time=2025-12-29T16:52:20.579-03:00 level=INFO msg="Import triggered by file change"
time=2025-12-29T16:52:20.579-03:00 level=INFO msg="Starting %s..." !BADKEY=auto-import
time=2025-12-29T16:52:20.579-03:00 level=INFO msg="Skipping %s: JSONL content unchanged" !BADKEY=auto-import
time=2025-12-29T16:53:30.758-03:00 level=INFO msg="Mutation detected: %s %s" status=gendocs-8ek
time=2025-12-29T16:53:30.763-03:00 level=INFO msg="Mutation detected: %s %s" status=gendocs-ggi
time=2025-12-29T16:53:31.264-03:00 level=INFO msg="Export triggered by mutation events"
time=2025-12-29T16:53:31.264-03:00 level=INFO msg="Starting %s..." !BADKEY=export
time=2025-12-29T16:53:31.265-03:00 level=INFO msg="JSONL file created: %s" !BADKEY=/home/diogo/dev/gendocs/.beads/issues.jsonl
time=2025-12-29T16:53:31.265-03:00 level=INFO msg="Exported to JSONL"
time=2025-12-29T16:53:31.265-03:00 level=INFO msg="File change detected: %s" !BADKEY=/home/diogo/dev/gendocs/.beads/issues.jsonl
time=2025-12-29T16:53:31.265-03:00 level=INFO msg="Export complete"
time=2025-12-29T16:53:32.266-03:00 level=INFO msg="Import triggered by file change"
time=2025-12-29T16:53:32.266-03:00 level=INFO msg="Starting %s..." !BADKEY=auto-import
time=2025-12-29T16:53:32.266-03:00 level=INFO msg="Skipping %s: JSONL content unchanged" !BADKEY=auto-import
time=2025-12-29T16:56:35.956-03:00 level=INFO msg="Mutation detected: %s %s" status=gendocs-ggi
time=2025-12-29T16:56:36.457-03:00 level=INFO msg="Export triggered by mutation events"
time=2025-12-29T16:56:36.457-03:00 level=INFO msg="Starting %s..." !BADKEY=export
time=2025-12-29T16:56:36.458-03:00 level=INFO msg="Exported to JSONL"
time=2025-12-29T16:56:36.458-03:00 level=INFO msg="JSONL file created: %s" !BADKEY=/home/diogo/dev/gendocs/.beads/issues.jsonl
time=2025-12-29T16:56:36.458-03:00 level=INFO msg="File change detected: %s" !BADKEY=/home/diogo/dev/gendocs/.beads/issues.jsonl
time=2025-12-29T16:56:36.458-03:00 level=INFO msg="Export complete"
time=2025-12-29T16:56:37.459-03:00 level=INFO msg="Import triggered by file change"
time=2025-12-29T16:56:37.460-03:00 level=INFO msg="Starting %s..." !BADKEY=auto-import
time=2025-12-29T16:56:37.460-03:00 level=INFO msg="Skipping %s: JSONL content unchanged" !BADKEY=auto-import
time=2025-12-29T16:58:08.339-03:00 level=INFO msg="Mutation detected: %s %s" status=gendocs-l5p
time=2025-12-29T16:58:08.839-03:00 level=INFO msg="Export triggered by mutation events"
time=2025-12-29T16:58:08.839-03:00 level=INFO msg="Starting %s..." !BADKEY=export
time=2025-12-29T16:58:08.840-03:00 level=INFO msg="Exported to JSONL"
time=2025-12-29T16:58:08.840-03:00 level=INFO msg="JSONL file created: %s" !BADKEY=/home/diogo/dev/gendocs/.beads/issues.jsonl
time=2025-12-29T16:58:08.840-03:00 level=INFO msg="File change detected: %s" !BADKEY=/home/diogo/dev/gendocs/.beads/issues.jsonl
time=2025-12-29T16:58:08.840-03:00 level=INFO msg="Export complete"
time=2025-12-29T16:58:09.840-03:00 level=INFO msg="Import triggered by file change"
time=2025-12-29T16:58:09.840-03:00 level=INFO msg="Starting %s..." !BADKEY=auto-import
time=2025-12-29T16:58:09.841-03:00 level=INFO msg="Skipping %s: JSONL content unchanged" !BADKEY=auto-import
time=2025-12-29T16:59:03.917-03:00 level=INFO msg="Git ref change detected: %s" !BADKEY=/home/diogo/dev/gendocs/.git/refs/heads/main.lock
time=2025-12-29T16:59:04.918-03:00 level=INFO msg="Import triggered by file change"
time=2025-12-29T16:59:04.918-03:00 level=INFO msg="Starting %s..." !BADKEY=auto-import
time=2025-12-29T16:59:04.918-03:00 level=INFO msg="Skipping %s: JSONL content unchanged" !BADKEY=auto-import
time=2025-12-29T17:07:01.876-03:00 level=INFO msg="Mutation detected: %s %s" status=gendocs-8fk
time=2025-12-29T17:07:02.376-03:00 level=INFO msg="Export triggered by mutation events"
time=2025-12-29T17:07:02.376-03:00 level=INFO msg="Starting %s..." !BADKEY=export
time=2025-12-29T17:07:02.377-03:00 level=INFO msg="JSONL file created: %s" !BADKEY=/home/diogo/dev/gendocs/.beads/issues.jsonl
time=2025-12-29T17:07:02.377-03:00 level=INFO msg="Exported to JSONL"
time=2025-12-29T17:07:02.378-03:00 level=INFO msg="Export complete"
time=2025-12-29T17:07:03.379-03:00 level=INFO msg="Import triggered by file change"
time=2025-12-29T17:07:03.379-03:00 level=INFO msg="Starting %s..." !BADKEY=auto-import
time=2025-12-29T17:07:03.379-03:00 level=INFO msg="Skipping %s: JSONL content unchanged" !BADKEY=auto-import
time=2025-12-29T17:10:49.445-03:00 level=INFO msg="Mutation detected: %s %s" status=gendocs-5sx
time=2025-12-29T17:10:49.946-03:00 level=INFO msg="Export triggered by mutation events"
time=2025-12-29T17:10:49.946-03:00 level=INFO msg="Starting %s..." !BADKEY=export
time=2025-12-29T17:10:49.947-03:00 level=INFO msg="Exported to JSONL"
time=2025-12-29T17:10:49.947-03:00 level=INFO msg="JSONL file created: %s" !BADKEY=/home/diogo/dev/gendocs/.beads/issues.jsonl
time=2025-12-29T17:10:49.947-03:00 level=INFO msg="File change detected: %s" !BADKEY=/home/diogo/dev/gendocs/.beads/issues.jsonl
time=2025-12-29T17:10:49.947-03:00 level=INFO msg="Export complete"
time=2025-12-29T17:10:50.948-03:00 level=INFO msg="Import triggered by file change"
time=2025-12-29T17:10:50.948-03:00 level=INFO msg="Starting %s..." !BADKEY=auto-import
time=2025-12-29T17:10:50.948-03:00 level=INFO msg="Skipping %s: JSONL content unchanged" !BADKEY=auto-import
time=2025-12-29T17:11:07.793-03:00 level=INFO msg="Git ref change detected: %s" !BADKEY=/home/diogo/dev/gendocs/.git/refs/heads/main.lock
time=2025-12-29T17:11:08.795-03:00 level=INFO msg="Import triggered by file change"
time=2025-12-29T17:11:08.795-03:00 level=INFO msg="Starting %s..." !BADKEY=auto-import
time=2025-12-29T17:11:08.795-03:00 level=INFO msg="Skipping %s: JSONL content unchanged" !BADKEY=auto-import
time=2025-12-29T18:23:37.878-03:00 level=INFO msg="File change detected: %s" !BADKEY=/home/diogo/dev/gendocs/.beads/issues.jsonl
time=2025-12-29T18:23:37.878-03:00 level=INFO msg="JSONL removed/renamed, re-establishing watch"
time=2025-12-29T18:23:37.928-03:00 level=INFO msg="JSONL still missing after %v, retrying..." !BADKEY=50ms
time=2025-12-29T18:23:38.029-03:00 level=INFO msg="JSONL still missing after %v, retrying..." !BADKEY=100ms
time=2025-12-29T18:23:38.229-03:00 level=INFO msg="JSONL still missing after %v, retrying..." !BADKEY=200ms
time=2025-12-29T18:23:38.630-03:00 level=INFO msg="JSONL still missing after %v, retrying..." !BADKEY=400ms
time=2025-12-29T18:23:38.630-03:00 level=INFO msg="Failed to re-establish JSONL watch after all retries"
time=2025-12-29T18:23:38.880-03:00 level=INFO msg="Import triggered by file change"
time=2025-12-29T18:23:38.880-03:00 level=INFO msg="Starting %s..." !BADKEY=auto-import
time=2025-12-29T18:23:38.880-03:00 level=INFO msg="Skipping %s: JSONL content unchanged" !BADKEY=auto-import
time=2026-01-03T13:48:55.664-03:00 level=INFO msg="Daemon started (interval: %v, auto-commit: %v, auto-push: %v)" !BADKEY=5s !BADKEY=false !BADKEY=false
time=2026-01-03T13:48:55.664-03:00 level=INFO msg="using database" path=/home/diogo/dev/gendocs/.beads/beads.db
time=2026-01-03T13:48:55.668-03:00 level=INFO msg="database opened" path=/home/diogo/dev/gendocs/.beads/beads.db freshness_checking=true
time=2026-01-03T13:48:55.668-03:00 level=INFO msg="upgrading .beads/.gitignore"
time=2026-01-03T13:48:55.668-03:00 level=WARN msg="failed to upgrade .gitignore" error="open .beads/.gitignore: no such file or directory"
time=2026-01-03T13:48:55.669-03:00 level=INFO msg="Repository fingerprint validated: %s" !BADKEY=734176c1
time=2026-01-03T13:48:55.669-03:00 level=WARN msg="database schema version mismatch" db_version=0.40.0 daemon_version=0.43.0
time=2026-01-03T13:48:55.669-03:00 level=INFO msg="auto-upgrading database to daemon version"
time=2026-01-03T13:48:55.669-03:00 level=INFO msg="database version updated" version=0.43.0
time=2026-01-03T13:48:55.669-03:00 level=INFO msg="starting RPC server" socket=/home/diogo/dev/gendocs/.beads/bd.sock
time=2026-01-03T13:48:55.669-03:00 level=INFO msg="RPC server ready (socket listening)"
time=2026-01-03T13:48:55.670-03:00 level=INFO msg="registered in global registry"
time=2026-01-03T13:48:55.670-03:00 level=INFO msg="Starting %s..." !BADKEY="sync cycle"
time=2026-01-03T13:48:55.671-03:00 level=INFO msg="Exported to JSONL"
time=2026-01-03T13:48:55.676-03:00 level=INFO msg="Sync branch pull failed: %v" !BADKEY="git pull failed in worktree: exit status 128\nfatal: .git/index: index file open failed: Não é um diretório\n"
time=2026-01-03T13:48:55.676-03:00 level=INFO msg="monitoring parent process" pid=0
time=2026-01-03T13:48:55.676-03:00 level=INFO msg="using event-driven mode"
time=2026-01-03T13:48:55.676-03:00 level=INFO msg="Auto-pull disabled: use 'git pull' manually to sync remote changes"
time=2026-01-03T13:48:55.709-03:00 level=INFO msg="JSONL file created: %s" !BADKEY=/home/diogo/dev/gendocs/.beads/issues.jsonl
time=2026-01-03T13:48:55.709-03:00 level=INFO msg="File change detected: %s" !BADKEY=/home/diogo/dev/gendocs/.beads/issues.jsonl
time=2026-01-03T13:48:55.714-03:00 level=INFO msg="Git ref change detected: %s" !BADKEY=/home/diogo/dev/gendocs/.git/refs/heads/main.lock
time=2026-01-03T13:48:56.715-03:00 level=INFO msg="Import triggered by file change"
time=2026-01-03T13:48:56.715-03:00 level=INFO msg="Starting %s..." !BADKEY=auto-import
time=2026-01-03T13:48:56.716-03:00 level=INFO msg="Skipping %s: JSONL content unchanged" !BADKEY=auto-import
time=2026-01-03T13:49:23.725-03:00 level=INFO msg="JSONL file created: %s" !BADKEY=/home/diogo/dev/gendocs/.beads/issues.jsonl
time=2026-01-03T13:49:23.725-03:00 level=INFO msg="File change detected: %s" !BADKEY=/home/diogo/dev/gendocs/.beads/issues.jsonl
time=2026-01-03T13:49:24.727-03:00 level=INFO msg="Import triggered by file change"
time=2026-01-03T13:49:24.727-03:00 level=INFO msg="Starting %s..." !BADKEY=auto-import
time=2026-01-03T13:49:24.727-03:00 level=INFO msg="Skipping %s: JSONL content unchanged" !BADKEY=auto-import
time=2026-01-03T13:50:37.508-03:00 level=INFO msg="JSONL file created: %s" !BADKEY=/home/diogo/dev/gendocs/.beads/issues.jsonl
time=2026-01-03T13:50:37.508-03:00 level=INFO msg="File change detected: %s" !BADKEY=/home/diogo/dev/gendocs/.beads/issues.jsonl
time=2026-01-03T13:50:37.512-03:00 level=INFO msg="Git ref change detected: %s" !BADKEY=/home/diogo/dev/gendocs/.git/refs/heads/main.lock
time=2026-01-03T13:50:37.931-03:00 level=INFO msg="JSONL file created: %s" !BADKEY=/home/diogo/dev/gendocs/.beads/issues.jsonl
time=2026-01-03T13:50:38.932-03:00 level=INFO msg="Import triggered by file change"
time=2026-01-03T13:50:38.932-03:00 level=INFO msg="Starting %s..." !BADKEY=auto-import
time=2026-01-03T13:50:38.933-03:00 level=INFO msg="Skipping %s: JSONL content unchanged" !BADKEY=auto-import
time=2026-01-03T13:51:19.277-03:00 level=INFO msg="JSONL file created: %s" !BADKEY=/home/diogo/dev/gendocs/.beads/issues.jsonl
time=2026-01-03T13:51:19.277-03:00 level=INFO msg="File change detected: %s" !BADKEY=/home/diogo/dev/gendocs/.beads/issues.jsonl
time=2026-01-03T13:51:19.280-03:00 level=INFO msg="Git ref change detected: %s" !BADKEY=/home/diogo/dev/gendocs/.git/refs/heads/main.lock
time=2026-01-03T13:51:19.700-03:00 level=INFO msg="JSONL file created: %s" !BADKEY=/home/diogo/dev/gendocs/.beads/issues.jsonl
time=2026-01-03T13:51:20.702-03:00 level=INFO msg="Import triggered by file change"
time=2026-01-03T13:51:20.702-03:00 level=INFO msg="Starting %s..." !BADKEY=auto-import
time=2026-01-03T13:51:20.703-03:00 level=INFO msg="Skipping %s: JSONL content unchanged" !BADKEY=auto-import
time=2026-01-03T13:54:10.127-03:00 level=INFO msg="JSONL file created: %s" !BADKEY=/home/diogo/dev/gendocs/.beads/issues.jsonl
time=2026-01-03T13:54:10.127-03:00 level=INFO msg="File change detected: %s" !BADKEY=/home/diogo/dev/gendocs/.beads/issues.jsonl
time=2026-01-03T13:54:10.131-03:00 level=INFO msg="Git ref change detected: %s" !BADKEY=/home/diogo/dev/gendocs/.git/refs/heads/main.lock
time=2026-01-03T13:54:10.558-03:00 level=INFO msg="JSONL file created: %s" !BADKEY=/home/diogo/dev/gendocs/.beads/issues.jsonl
time=2026-01-03T13:54:11.559-03:00 level=INFO msg="Import triggered by file change"
time=2026-01-03T13:54:11.559-03:00 level=INFO msg="Starting %s..." !BADKEY=auto-import
time=2026-01-03T13:54:11.560-03:00 level=INFO msg="Skipping %s: JSONL content unchanged" !BADKEY=auto-import
time=2026-01-03T13:57:16.285-03:00 level=INFO msg="JSONL file created: %s" !BADKEY=/home/diogo/dev/gendocs/.beads/issues.jsonl
time=2026-01-03T13:57:16.285-03:00 level=INFO msg="File change detected: %s" !BADKEY=/home/diogo/dev/gendocs/.beads/issues.jsonl
time=2026-01-03T13:57:16.290-03:00 level=INFO msg="Git ref change detected: %s" !BADKEY=/home/diogo/dev/gendocs/.git/refs/heads/main.lock
time=2026-01-03T13:57:16.705-03:00 level=INFO msg="JSONL file created: %s" !BADKEY=/home/diogo/dev/gendocs/.beads/issues.jsonl
time=2026-01-03T13:57:17.706-03:00 level=INFO msg="Import triggered by file change"
time=2026-01-03T13:57:17.706-03:00 level=INFO msg="Starting %s..." !BADKEY=auto-import
time=2026-01-03T13:57:17.707-03:00 level=INFO msg="Skipping %s: JSONL content unchanged" !BADKEY=auto-import
time=2026-01-03T13:58:56.554-03:00 level=INFO msg="JSONL file created: %s" !BADKEY=/home/diogo/dev/gendocs/.beads/issues.jsonl
time=2026-01-03T13:58:56.554-03:00 level=INFO msg="File change detected: %s" !BADKEY=/home/diogo/dev/gendocs/.beads/issues.jsonl
time=2026-01-03T13:58:56.558-03:00 level=INFO msg="Git ref change detected: %s" !BADKEY=/home/diogo/dev/gendocs/.git/refs/heads/main.lock
time=2026-01-03T13:58:56.970-03:00 level=INFO msg="JSONL file created: %s" !BADKEY=/home/diogo/dev/gendocs/.beads/issues.jsonl
time=2026-01-03T13:58:57.972-03:00 level=INFO msg="Import triggered by file change"
time=2026-01-03T13:58:57.972-03:00 level=INFO msg="Starting %s..." !BADKEY=auto-import
time=2026-01-03T13:58:57.973-03:00 level=INFO msg="Skipping %s: JSONL content unchanged" !BADKEY=auto-import
time=2026-01-03T14:00:19.552-03:00 level=INFO msg="JSONL file created: %s" !BADKEY=/home/diogo/dev/gendocs/.beads/issues.jsonl
time=2026-01-03T14:00:19.552-03:00 level=INFO msg="File change detected: %s" !BADKEY=/home/diogo/dev/gendocs/.beads/issues.jsonl
time=2026-01-03T14:00:19.555-03:00 level=INFO msg="Git ref change detected: %s" !BADKEY=/home/diogo/dev/gendocs/.git/refs/heads/main.lock
time=2026-01-03T14:00:19.981-03:00 level=INFO msg="JSONL file created: %s" !BADKEY=/home/diogo/dev/gendocs/.beads/issues.jsonl
time=2026-01-03T14:00:20.982-03:00 level=INFO msg="Import triggered by file change"
time=2026-01-03T14:00:20.982-03:00 level=INFO msg="Starting %s..." !BADKEY=auto-import
time=2026-01-03T14:00:20.983-03:00 level=INFO msg="Skipping %s: JSONL content unchanged" !BADKEY=auto-import
time=2026-01-03T14:01:19.039-03:00 level=INFO msg="JSONL file created: %s" !BADKEY=/home/diogo/dev/gendocs/.beads/issues.jsonl
time=2026-01-03T14:01:19.039-03:00 level=INFO msg="File change detected: %s" !BADKEY=/home/diogo/dev/gendocs/.beads/issues.jsonl
time=2026-01-03T14:01:19.043-03:00 level=INFO msg="Git ref change detected: %s" !BADKEY=/home/diogo/dev/gendocs/.git/refs/heads/main.lock
time=2026-01-03T14:01:19.465-03:00 level=INFO msg="JSONL file created: %s" !BADKEY=/home/diogo/dev/gendocs/.beads/issues.jsonl
time=2026-01-03T14:01:20.466-03:00 level=INFO msg="Import triggered by file change"
time=2026-01-03T14:01:20.466-03:00 level=INFO msg="Starting %s..." !BADKEY=auto-import
time=2026-01-03T14:01:20.467-03:00 level=INFO msg="Skipping %s: JSONL content unchanged" !BADKEY=auto-import
time=2026-01-03T14:03:11.401-03:00 level=INFO msg="JSONL file created: %s" !BADKEY=/home/diogo/dev/gendocs/.beads/issues.jsonl
time=2026-01-03T14:03:11.401-03:00 level=INFO msg="File change detected: %s" !BADKEY=/home/diogo/dev/gendocs/.beads/issues.jsonl
time=2026-01-03T14:03:11.407-03:00 level=INFO msg="Git ref change detected: %s" !BADKEY=/home/diogo/dev/gendocs/.git/refs/heads/main.lock
time=2026-01-03T14:03:11.815-03:00 level=INFO msg="JSONL file created: %s" !BADKEY=/home/diogo/dev/gendocs/.beads/issues.jsonl
time=2026-01-03T14:03:12.816-03:00 level=INFO msg="Import triggered by file change"
time=2026-01-03T14:03:12.816-03:00 level=INFO msg="Starting %s..." !BADKEY=auto-import
time=2026-01-03T14:03:12.817-03:00 level=INFO msg="Skipping %s: JSONL content unchanged" !BADKEY=auto-import
time=2026-01-03T14:03:18.893-03:00 level=INFO msg="JSONL file created: %s" !BADKEY=/home/diogo/dev/gendocs/.beads/issues.jsonl
time=2026-01-03T14:03:18.893-03:00 level=INFO msg="File change detected: %s" !BADKEY=/home/diogo/dev/gendocs/.beads/issues.jsonl
time=2026-01-03T14:03:19.895-03:00 level=INFO msg="Import triggered by file change"
time=2026-01-03T14:03:19.895-03:00 level=INFO msg="Starting %s..." !BADKEY=auto-import
time=2026-01-03T14:03:19.895-03:00 level=INFO msg="Skipping %s: JSONL content unchanged" !BADKEY=auto-import
time=2026-01-03T14:09:13.824-03:00 level=INFO msg="JSONL file created: %s" !BADKEY=/home/diogo/dev/gendocs/.beads/issues.jsonl
time=2026-01-03T14:09:13.824-03:00 level=INFO msg="File change detected: %s" !BADKEY=/home/diogo/dev/gendocs/.beads/issues.jsonl
time=2026-01-03T14:09:13.829-03:00 level=INFO msg="Git ref change detected: %s" !BADKEY=/home/diogo/dev/gendocs/.git/refs/heads/main.lock
time=2026-01-03T14:09:14.247-03:00 level=INFO msg="JSONL file created: %s" !BADKEY=/home/diogo/dev/gendocs/.beads/issues.jsonl
time=2026-01-03T14:09:15.248-03:00 level=INFO msg="Import triggered by file change"
time=2026-01-03T14:09:15.248-03:00 level=INFO msg="Starting %s..." !BADKEY=auto-import
time=2026-01-03T14:09:15.248-03:00 level=INFO msg="Skipping %s: JSONL content unchanged" !BADKEY=auto-import
time=2026-01-03T14:09:24.258-03:00 level=INFO msg="JSONL file created: %s" !BADKEY=/home/diogo/dev/gendocs/.beads/issues.jsonl
time=2026-01-03T14:09:24.258-03:00 level=INFO msg="File change detected: %s" !BADKEY=/home/diogo/dev/gendocs/.beads/issues.jsonl
time=2026-01-03T14:09:25.260-03:00 level=INFO msg="Import triggered by file change"
time=2026-01-03T14:09:25.260-03:00 level=INFO msg="Starting %s..." !BADKEY=auto-import
time=2026-01-03T14:09:25.260-03:00 level=INFO msg="Skipping %s: JSONL content unchanged" !BADKEY=auto-import
time=2026-01-03T14:12:38.700-03:00 level=INFO msg="JSONL file created: %s" !BADKEY=/home/diogo/dev/gendocs/.beads/issues.jsonl
time=2026-01-03T14:12:38.700-03:00 level=INFO msg="File change detected: %s" !BADKEY=/home/diogo/dev/gendocs/.beads/issues.jsonl
time=2026-01-03T14:12:38.704-03:00 level=INFO msg="Git ref change detected: %s" !BADKEY=/home/diogo/dev/gendocs/.git/refs/heads/main.lock
time=2026-01-03T14:12:39.140-03:00 level=INFO msg="JSONL file created: %s" !BADKEY=/home/diogo/dev/gendocs/.beads/issues.jsonl
time=2026-01-03T14:12:40.141-03:00 level=INFO msg="Import triggered by file change"
time=2026-01-03T14:12:40.141-03:00 level=INFO msg="Starting %s..." !BADKEY=auto-import
time=2026-01-03T14:12:40.142-03:00 level=INFO msg="Skipping %s: JSONL content unchanged" !BADKEY=auto-import
time=2026-01-03T14:12:48.602-03:00 level=INFO msg="JSONL file created: %s" !BADKEY=/home/diogo/dev/gendocs/.beads/issues.jsonl
time=2026-01-03T14:12:48.602-03:00 level=INFO msg="File change detected: %s" !BADKEY=/home/diogo/dev/gendocs/.beads/issues.jsonl
time=2026-01-03T14:12:49.603-03:00 level=INFO msg="Import triggered by file change"
time=2026-01-03T14:12:49.604-03:00 level=INFO msg="Starting %s..." !BADKEY=auto-import
time=2026-01-03T14:12:49.604-03:00 level=INFO msg="Skipping %s: JSONL content unchanged" !BADKEY=auto-import
time=2026-01-04T22:13:26.011-03:00 level=INFO msg="JSONL file created: %s" !BADKEY=/home/diogo/dev/gendocs/.beads/issues.jsonl
time=2026-01-04T22:13:26.011-03:00 level=INFO msg="File change detected: %s" !BADKEY=/home/diogo/dev/gendocs/.beads/issues.jsonl
time=2026-01-04T22:13:26.014-03:00 level=INFO msg="Git ref change detected: %s" !BADKEY=/home/diogo/dev/gendocs/.git/refs/heads/main.lock
time=2026-01-04T22:13:26.442-03:00 level=INFO msg="JSONL file created: %s" !BADKEY=/home/diogo/dev/gendocs/.beads/issues.jsonl
time=2026-01-04T22:13:27.443-03:00 level=INFO msg="Import triggered by file change"
time=2026-01-04T22:13:27.443-03:00 level=INFO msg="Starting %s..." !BADKEY=auto-import
time=2026-01-04T22:13:27.444-03:00 level=INFO msg="Skipping %s: JSONL content unchanged" !BADKEY=auto-import
time=2026-01-04T22:15:19.975-03:00 level=INFO msg="JSONL file created: %s" !BADKEY=/home/diogo/dev/gendocs/.beads/issues.jsonl
time=2026-01-04T22:15:19.975-03:00 level=INFO msg="File change detected: %s" !BADKEY=/home/diogo/dev/gendocs/.beads/issues.jsonl
time=2026-01-04T22:15:19.978-03:00 level=INFO msg="Git ref change detected: %s" !BADKEY=/home/diogo/dev/gendocs/.git/refs/heads/main.lock
time=2026-01-04T22:15:20.400-03:00 level=INFO msg="JSONL file created: %s" !BADKEY=/home/diogo/dev/gendocs/.beads/issues.jsonl
time=2026-01-04T22:15:21.401-03:00 level=INFO msg="Import triggered by file change"
time=2026-01-04T22:15:21.401-03:00 level=INFO msg="Starting %s..." !BADKEY=auto-import
time=2026-01-04T22:15:21.402-03:00 level=INFO msg="Skipping %s: JSONL content unchanged" !BADKEY=auto-import
time=2026-01-04T22:16:16.190-03:00 level=INFO msg="JSONL file created: %s" !BADKEY=/home/diogo/dev/gendocs/.beads/issues.jsonl
time=2026-01-04T22:16:16.190-03:00 level=INFO msg="File change detected: %s" !BADKEY=/home/diogo/dev/gendocs/.beads/issues.jsonl
time=2026-01-04T22:16:16.194-03:00 level=INFO msg="Git ref change detected: %s" !BADKEY=/home/diogo/dev/gendocs/.git/refs/heads/main.lock
time=2026-01-04T22:16:17.195-03:00 level=INFO msg="Import triggered by file change"
time=2026-01-04T22:16:17.195-03:00 level=INFO msg="Starting %s..." !BADKEY=auto-import
time=2026-01-04T22:16:17.195-03:00 level=INFO msg="Skipping %s: JSONL content unchanged" !BADKEY=auto-import
time=2026-01-04T22:16:23.466-03:00 level=INFO msg="JSONL file created: %s" !BADKEY=/home/diogo/dev/gendocs/.beads/issues.jsonl
time=2026-01-04T22:16:23.466-03:00 level=INFO msg="File change detected: %s" !BADKEY=/home/diogo/dev/gendocs/.beads/issues.jsonl
time=2026-01-04T22:16:24.467-03:00 level=INFO msg="Import triggered by file change"
time=2026-01-04T22:16:24.467-03:00 level=INFO msg="Starting %s..." !BADKEY=auto-import
time=2026-01-04T22:16:24.468-03:00 level=INFO msg="Skipping %s: JSONL content unchanged" !BADKEY=auto-import
time=2026-01-04T22:17:48.308-03:00 level=INFO msg="JSONL file created: %s" !BADKEY=/home/diogo/dev/gendocs/.beads/issues.jsonl
time=2026-01-04T22:17:48.308-03:00 level=INFO msg="File change detected: %s" !BADKEY=/home/diogo/dev/gendocs/.beads/issues.jsonl
time=2026-01-04T22:17:48.343-03:00 level=INFO msg="JSONL file created: %s" !BADKEY=/home/diogo/dev/gendocs/.beads/issues.jsonl
time=2026-01-04T22:17:48.347-03:00 level=INFO msg="Git ref change detected: %s" !BADKEY=/home/diogo/dev/gendocs/.git/refs/heads/main.lock
time=2026-01-04T22:17:48.724-03:00 level=INFO msg="JSONL file created: %s" !BADKEY=/home/diogo/dev/gendocs/.beads/issues.jsonl
time=2026-01-04T22:17:48.756-03:00 level=INFO msg="JSONL file created: %s" !BADKEY=/home/diogo/dev/gendocs/.beads/issues.jsonl
time=2026-01-04T22:17:49.183-03:00 level=INFO msg="JSONL file created: %s" !BADKEY=/home/diogo/dev/gendocs/.beads/issues.jsonl
time=2026-01-04T22:17:49.183-03:00 level=INFO msg="File change detected: %s" !BADKEY=/home/diogo/dev/gendocs/.beads/issues.jsonl
time=2026-01-04T22:17:50.184-03:00 level=INFO msg="Import triggered by file change"
time=2026-01-04T22:17:50.185-03:00 level=INFO msg="Starting %s..." !BADKEY=auto-import
time=2026-01-04T22:17:50.185-03:00 level=INFO msg="Skipping %s: JSONL content unchanged" !BADKEY=auto-import
time=2026-01-04T22:18:00.066-03:00 level=INFO msg="JSONL file created: %s" !BADKEY=/home/diogo/dev/gendocs/.beads/issues.jsonl
time=2026-01-04T22:18:00.066-03:00 level=INFO msg="File change detected: %s" !BADKEY=/home/diogo/dev/gendocs/.beads/issues.jsonl
time=2026-01-04T22:18:00.069-03:00 level=INFO msg="Git ref change detected: %s" !BADKEY=/home/diogo/dev/gendocs/.git/refs/heads/main.lock
time=2026-01-04T22:18:00.500-03:00 level=INFO msg="JSONL file created: %s" !BADKEY=/home/diogo/dev/gendocs/.beads/issues.jsonl
time=2026-01-04T22:18:01.502-03:00 level=INFO msg="Import triggered by file change"
time=2026-01-04T22:18:01.502-03:00 level=INFO msg="Starting %s..." !BADKEY=auto-import
time=2026-01-04T22:18:01.502-03:00 level=INFO msg="Skipping %s: JSONL content unchanged" !BADKEY=auto-import
time=2026-01-04T22:54:04.444-03:00 level=INFO msg="JSONL file created: %s" !BADKEY=/home/diogo/dev/gendocs/.beads/issues.jsonl
time=2026-01-04T22:54:04.444-03:00 level=INFO msg="File change detected: %s" !BADKEY=/home/diogo/dev/gendocs/.beads/issues.jsonl
time=2026-01-04T22:54:05.445-03:00 level=INFO msg="Import triggered by file change"
time=2026-01-04T22:54:05.445-03:00 level=INFO msg="Starting %s..." !BADKEY=auto-import
time=2026-01-04T22:54:05.446-03:00 level=INFO msg="Skipping %s: JSONL content unchanged" !BADKEY=auto-import
time=2026-01-05T16:08:10.622-03:00 level=INFO msg="Daemon started (interval: %v, auto-commit: %v, auto-push: %v)" !BADKEY=5s !BADKEY=false !BADKEY=false
time=2026-01-05T16:08:10.622-03:00 level=INFO msg="using database" path=/home/diogo/dev/gendocs/.beads/beads.db
time=2026-01-05T16:08:10.627-03:00 level=INFO msg="database opened" path=/home/diogo/dev/gendocs/.beads/beads.db freshness_checking=true
time=2026-01-05T16:08:10.627-03:00 level=INFO msg="upgrading .beads/.gitignore"
time=2026-01-05T16:08:10.627-03:00 level=WARN msg="failed to upgrade .gitignore" error="open .beads/.gitignore: no such file or directory"
time=2026-01-05T16:08:10.627-03:00 level=INFO msg="Repository fingerprint validated: %s" !BADKEY=734176c1
time=2026-01-05T16:08:10.627-03:00 level=WARN msg="database schema version mismatch" db_version=0.43.0 daemon_version=0.44.0
time=2026-01-05T16:08:10.627-03:00 level=INFO msg="auto-upgrading database to daemon version"
time=2026-01-05T16:08:10.627-03:00 level=INFO msg="database version updated" version=0.44.0
time=2026-01-05T16:08:10.627-03:00 level=INFO msg="starting RPC server" socket=/home/diogo/dev/gendocs/.beads/bd.sock
time=2026-01-05T16:08:10.627-03:00 level=INFO msg="RPC server ready (socket listening)"
time=2026-01-05T16:08:10.629-03:00 level=INFO msg="registered in global registry"
time=2026-01-05T16:08:10.629-03:00 level=INFO msg="Starting %s..." !BADKEY="sync cycle"
time=2026-01-05T16:08:10.630-03:00 level=INFO msg="Exported to JSONL"
time=2026-01-05T16:08:11.052-03:00 level=INFO msg="Sync branch pull failed: %v" !BADKEY="git pull failed in worktree: exit status 128\nFrom https://github.com/quantmind-br/gendocs\n * branch            main       -> FETCH_HEAD\nwarning: fetch updated the current branch head.\nfast-forwarding your working tree from\ncommit 622ef7e127ccfc7ef358c82cf70a372397d2d772.\nerror: Your local changes to the following files would be overwritten by merge:\n\t.beads/beads.db\nPlease commit your changes or stash them before you merge.\nAborting\nfatal: Cannot fast-forward your working tree.\nAfter making sure that you saved anything precious from\n$ git diff 622ef7e127ccfc7ef358c82cf70a372397d2d772\noutput, run\n$ git reset --hard\nto recover.\n"
time=2026-01-05T16:08:11.052-03:00 level=INFO msg="monitoring parent process" pid=0
time=2026-01-05T16:08:11.052-03:00 level=INFO msg="using event-driven mode"
time=2026-01-05T16:08:11.052-03:00 level=INFO msg="Auto-pull disabled: use 'git pull' manually to sync remote changes"
time=2026-01-05T16:08:11.087-03:00 level=INFO msg="JSONL file created: %s" !BADKEY=/home/diogo/dev/gendocs/.beads/issues.jsonl
time=2026-01-05T16:08:11.087-03:00 level=INFO msg="File change detected: %s" !BADKEY=/home/diogo/dev/gendocs/.beads/issues.jsonl
